<?xml version="1.0" encoding="UTF-8"?>
<testsuite name="alcuk.acceptance.article.ArticleAcceptanceTest" tests="2" skipped="0" failures="0" errors="0" timestamp="2023-01-06T22:50:00" hostname="BOOK-9VSTA3Q6U4" time="0.487">
  <properties/>
  <testcase name="게시판 생성 성공 테스트" classname="alcuk.acceptance.article.ArticleAcceptanceTest" time="0.47"/>
  <testcase name="게시판 조회 성공 테스트" classname="alcuk.acceptance.article.ArticleAcceptanceTest" time="0.017"/>
  <system-out><![CDATA[07:49:58.656 [Test worker] DEBUG org.springframework.test.context.BootstrapUtils - Instantiating CacheAwareContextLoaderDelegate from class [org.springframework.test.context.cache.DefaultCacheAwareContextLoaderDelegate]
07:49:58.665 [Test worker] DEBUG org.springframework.test.context.BootstrapUtils - Instantiating BootstrapContext using constructor [public org.springframework.test.context.support.DefaultBootstrapContext(java.lang.Class,org.springframework.test.context.CacheAwareContextLoaderDelegate)]
07:49:58.693 [Test worker] DEBUG org.springframework.test.context.BootstrapUtils - Instantiating TestContextBootstrapper for test class [alcuk.acceptance.article.ArticleAcceptanceTest] from class [org.springframework.boot.test.context.SpringBootTestContextBootstrapper]
07:49:58.701 [Test worker] INFO org.springframework.boot.test.context.SpringBootTestContextBootstrapper - Neither @ContextConfiguration nor @ContextHierarchy found for test class [alcuk.acceptance.article.ArticleAcceptanceTest], using SpringBootContextLoader
07:49:58.704 [Test worker] DEBUG org.springframework.test.context.support.AbstractContextLoader - Did not detect default resource location for test class [alcuk.acceptance.article.ArticleAcceptanceTest]: class path resource [alcuk/acceptance/article/ArticleAcceptanceTest-context.xml] does not exist
07:49:58.705 [Test worker] DEBUG org.springframework.test.context.support.AbstractContextLoader - Did not detect default resource location for test class [alcuk.acceptance.article.ArticleAcceptanceTest]: class path resource [alcuk/acceptance/article/ArticleAcceptanceTestContext.groovy] does not exist
07:49:58.705 [Test worker] INFO org.springframework.test.context.support.AbstractContextLoader - Could not detect default resource locations for test class [alcuk.acceptance.article.ArticleAcceptanceTest]: no resource found for suffixes {-context.xml, Context.groovy}.
07:49:58.705 [Test worker] INFO org.springframework.test.context.support.AnnotationConfigContextLoaderUtils - Could not detect default configuration classes for test class [alcuk.acceptance.article.ArticleAcceptanceTest]: ArticleAcceptanceTest does not declare any static, non-private, non-final, nested classes annotated with @Configuration.
07:49:58.744 [Test worker] DEBUG org.springframework.test.context.support.ActiveProfilesUtils - Could not find an 'annotation declaring class' for annotation type [org.springframework.test.context.ActiveProfiles] and class [alcuk.acceptance.article.ArticleAcceptanceTest]
07:49:58.786 [Test worker] DEBUG org.springframework.context.annotation.ClassPathScanningCandidateComponentProvider - Identified candidate component class: file [C:\Users\2001y\Desktop\linirinilinrin\2023\board-study\application\build\classes\java\main\alcuk\Main.class]
07:49:58.786 [Test worker] INFO org.springframework.boot.test.context.SpringBootTestContextBootstrapper - Found @SpringBootConfiguration alcuk.Main for test class alcuk.acceptance.article.ArticleAcceptanceTest
07:49:58.859 [Test worker] DEBUG org.springframework.boot.test.context.SpringBootTestContextBootstrapper - @TestExecutionListeners is not present for class [alcuk.acceptance.article.ArticleAcceptanceTest]: using defaults.
07:49:58.860 [Test worker] INFO org.springframework.boot.test.context.SpringBootTestContextBootstrapper - Loaded default TestExecutionListener class names from location [META-INF/spring.factories]: [org.springframework.boot.test.autoconfigure.restdocs.RestDocsTestExecutionListener, org.springframework.boot.test.autoconfigure.web.client.MockRestServiceServerResetTestExecutionListener, org.springframework.boot.test.autoconfigure.web.servlet.MockMvcPrintOnlyOnFailureTestExecutionListener, org.springframework.boot.test.autoconfigure.web.servlet.WebDriverTestExecutionListener, org.springframework.boot.test.autoconfigure.webservices.client.MockWebServiceServerTestExecutionListener, org.springframework.boot.test.mock.mockito.MockitoTestExecutionListener, org.springframework.boot.test.mock.mockito.ResetMocksTestExecutionListener, org.springframework.test.context.web.ServletTestExecutionListener, org.springframework.test.context.support.DirtiesContextBeforeModesTestExecutionListener, org.springframework.test.context.event.ApplicationEventsTestExecutionListener, org.springframework.test.context.support.DependencyInjectionTestExecutionListener, org.springframework.test.context.support.DirtiesContextTestExecutionListener, org.springframework.test.context.transaction.TransactionalTestExecutionListener, org.springframework.test.context.jdbc.SqlScriptsTestExecutionListener, org.springframework.test.context.event.EventPublishingTestExecutionListener]
07:49:58.867 [Test worker] DEBUG org.springframework.boot.test.context.SpringBootTestContextBootstrapper - Skipping candidate TestExecutionListener [org.springframework.test.context.transaction.TransactionalTestExecutionListener] due to a missing dependency. Specify custom listener classes or make the default listener classes and their required dependencies available. Offending class: [org/springframework/transaction/interceptor/TransactionAttributeSource]
07:49:58.867 [Test worker] DEBUG org.springframework.boot.test.context.SpringBootTestContextBootstrapper - Skipping candidate TestExecutionListener [org.springframework.test.context.jdbc.SqlScriptsTestExecutionListener] due to a missing dependency. Specify custom listener classes or make the default listener classes and their required dependencies available. Offending class: [org/springframework/transaction/interceptor/TransactionAttribute]
07:49:58.867 [Test worker] INFO org.springframework.boot.test.context.SpringBootTestContextBootstrapper - Using TestExecutionListeners: [org.springframework.test.context.web.ServletTestExecutionListener@5949eba8, org.springframework.test.context.support.DirtiesContextBeforeModesTestExecutionListener@6e0ff644, org.springframework.test.context.event.ApplicationEventsTestExecutionListener@58dea0a5, org.springframework.boot.test.mock.mockito.MockitoTestExecutionListener@2a2bb0eb, org.springframework.boot.test.autoconfigure.SpringBootDependencyInjectionTestExecutionListener@3c291aad, org.springframework.test.context.support.DirtiesContextTestExecutionListener@2d0566ba, org.springframework.test.context.event.EventPublishingTestExecutionListener@733037, org.springframework.boot.test.autoconfigure.restdocs.RestDocsTestExecutionListener@7728643a, org.springframework.boot.test.autoconfigure.web.client.MockRestServiceServerResetTestExecutionListener@320e400, org.springframework.boot.test.autoconfigure.web.servlet.MockMvcPrintOnlyOnFailureTestExecutionListener@5167268, org.springframework.boot.test.autoconfigure.web.servlet.WebDriverTestExecutionListener@1cfd1875, org.springframework.boot.test.autoconfigure.webservices.client.MockWebServiceServerTestExecutionListener@28c0b664, org.springframework.boot.test.mock.mockito.ResetMocksTestExecutionListener@2c444798]
07:49:58.870 [Test worker] DEBUG org.springframework.test.context.support.AbstractDirtiesContextTestExecutionListener - Before test class: context [DefaultTestContext@182b435b testClass = ArticleAcceptanceTest, testInstance = [null], testMethod = [null], testException = [null], mergedContextConfiguration = [WebMergedContextConfiguration@4d0402b testClass = ArticleAcceptanceTest, locations = '{}', classes = '{class alcuk.Main}', contextInitializerClasses = '[]', activeProfiles = '{}', propertySourceLocations = '{}', propertySourceProperties = '{org.springframework.boot.test.context.SpringBootTestContextBootstrapper=true}', contextCustomizers = set[org.springframework.boot.test.autoconfigure.actuate.metrics.MetricsExportContextCustomizerFactory$DisableMetricExportContextCustomizer@6eeade6c, org.springframework.boot.test.autoconfigure.properties.PropertyMappingContextCustomizer@4b3fa0b3, org.springframework.boot.test.autoconfigure.web.servlet.WebDriverContextCustomizerFactory$Customizer@7c209437, [ImportsContextCustomizer@2fa7ae9 key = [org.springframework.boot.test.autoconfigure.web.servlet.MockMvcAutoConfiguration, org.springframework.boot.test.autoconfigure.web.servlet.MockMvcWebClientAutoConfiguration, org.springframework.boot.test.autoconfigure.web.servlet.MockMvcWebDriverAutoConfiguration, org.springframework.boot.autoconfigure.security.oauth2.client.servlet.OAuth2ClientAutoConfiguration, org.springframework.boot.autoconfigure.security.oauth2.resource.servlet.OAuth2ResourceServerAutoConfiguration, org.springframework.boot.autoconfigure.security.servlet.SecurityAutoConfiguration, org.springframework.boot.autoconfigure.security.servlet.SecurityFilterAutoConfiguration, org.springframework.boot.autoconfigure.security.servlet.UserDetailsServiceAutoConfiguration, org.springframework.boot.test.autoconfigure.web.servlet.MockMvcSecurityConfiguration, org.springframework.boot.test.autoconfigure.web.reactive.WebTestClientAutoConfiguration]], org.springframework.boot.test.context.filter.ExcludeFilterContextCustomizer@dcfda20, org.springframework.boot.test.json.DuplicateJsonObjectContextCustomizerFactory$DuplicateJsonObjectContextCustomizer@40499e4f, org.springframework.boot.test.mock.mockito.MockitoContextCustomizer@0, org.springframework.boot.test.web.client.TestRestTemplateContextCustomizer@3b220bcb, org.springframework.boot.test.context.SpringBootTestArgs@1, org.springframework.boot.test.context.SpringBootTestWebEnvironment@3cce57c7], resourceBasePath = 'src/main/webapp', contextLoader = 'org.springframework.boot.test.context.SpringBootContextLoader', parent = [null]], attributes = map['org.springframework.test.context.web.ServletTestExecutionListener.activateListener' -> true]], class annotated with @DirtiesContext [false] with mode [null].

  .   ____          _            __ _ _
 /\\ / ___'_ __ _ _(_)_ __  __ _ \ \ \ \
( ( )\___ | '_ | '_| | '_ \/ _` | \ \ \ \
 \\/  ___)| |_)| | | | | || (_| |  ) ) ) )
  '  |____| .__|_| |_|_| |_\__, | / / / /
 =========|_|==============|___/=/_/_/_/
 :: Spring Boot ::                (v2.7.1)

2023-01-07 07:49:59.135  INFO 43600 --- [    Test worker] a.a.article.ArticleAcceptanceTest        : Starting ArticleAcceptanceTest using Java 11.0.17 on BOOK-9VSTA3Q6U4 with PID 43600 (started by 2001y in C:\Users\2001y\Desktop\linirinilinrin\2023\board-study\application)
2023-01-07 07:49:59.137  INFO 43600 --- [    Test worker] a.a.article.ArticleAcceptanceTest        : No active profile set, falling back to 1 default profile: "default"
2023-01-07 07:50:00.270  INFO 43600 --- [    Test worker] o.s.b.t.m.w.SpringBootMockServletContext : Initializing Spring TestDispatcherServlet ''
2023-01-07 07:50:00.271  INFO 43600 --- [    Test worker] o.s.t.web.servlet.TestDispatcherServlet  : Initializing Servlet ''
2023-01-07 07:50:00.272  INFO 43600 --- [    Test worker] o.s.t.web.servlet.TestDispatcherServlet  : Completed initialization in 1 ms
2023-01-07 07:50:00.291  INFO 43600 --- [    Test worker] a.a.article.ArticleAcceptanceTest        : Started ArticleAcceptanceTest in 1.397 seconds (JVM running for 2.362)

MockHttpServletRequest:
      HTTP Method = GET
      Request URI = /article
       Parameters = {}
          Headers = []
             Body = null
    Session Attrs = {}

Handler:
             Type = alcuk.controller.article.ArticleController
           Method = alcuk.controller.article.ArticleController#readArticle()

Async:
    Async started = false
     Async result = null

Resolved Exception:
             Type = null

ModelAndView:
        View name = null
             View = null
            Model = null

FlashMap:
       Attributes = null

MockHttpServletResponse:
           Status = 200
    Error message = null
          Headers = [Content-Type:"application/json"]
     Content type = application/json
             Body = [{"id":1,"title":"HelloWorld","content":"abc","author":{"id":1,"name":"linirini"},"created_At":"2023-01-07"}]
    Forwarded URL = null
   Redirected URL = null
          Cookies = []

MockHttpServletRequest:
      HTTP Method = GET
      Request URI = /article
       Parameters = {}
          Headers = []
             Body = null
    Session Attrs = {}

Handler:
             Type = alcuk.controller.article.ArticleController
           Method = alcuk.controller.article.ArticleController#readArticle()

Async:
    Async started = false
     Async result = null

Resolved Exception:
             Type = null

ModelAndView:
        View name = null
             View = null
            Model = null

FlashMap:
       Attributes = null

MockHttpServletResponse:
           Status = 200
    Error message = null
          Headers = [Content-Type:"application/json"]
     Content type = application/json
             Body = [{"id":2,"title":"hello world","content":"abc","author":{"id":2,"name":"linirini"},"created_At":"2023-01-07"},{"id":3,"title":"hello world 2","content":"abc 2","author":{"id":3,"name":"linirini 2"},"created_At":"2023-01-07"}]
    Forwarded URL = null
   Redirected URL = null
          Cookies = []
]]></system-out>
  <system-err><![CDATA[]]></system-err>
</testsuite>
