<?xml version="1.0" encoding="UTF-8"?>
<testsuite name="alcuk.article.service.ArticleServiceTest" tests="2" skipped="0" failures="0" errors="0" timestamp="2023-01-06T22:49:04" hostname="BOOK-9VSTA3Q6U4" time="0.053">
  <properties/>
  <testcase name="게시글 생성 및 조회" classname="alcuk.article.service.ArticleServiceTest" time="0.039"/>
  <testcase name="게시판 삭제" classname="alcuk.article.service.ArticleServiceTest" time="0.011"/>
  <system-out><![CDATA[07:49:03.979 [Test worker] DEBUG org.springframework.test.context.BootstrapUtils - Instantiating CacheAwareContextLoaderDelegate from class [org.springframework.test.context.cache.DefaultCacheAwareContextLoaderDelegate]
07:49:03.987 [Test worker] DEBUG org.springframework.test.context.BootstrapUtils - Instantiating BootstrapContext using constructor [public org.springframework.test.context.support.DefaultBootstrapContext(java.lang.Class,org.springframework.test.context.CacheAwareContextLoaderDelegate)]
07:49:04.005 [Test worker] DEBUG org.springframework.test.context.BootstrapUtils - Instantiating TestContextBootstrapper for test class [alcuk.article.service.ArticleServiceTest] from class [org.springframework.test.context.support.DefaultTestContextBootstrapper]
07:49:04.020 [Test worker] DEBUG org.springframework.test.context.support.AbstractDelegatingSmartContextLoader - Delegating to AnnotationConfigContextLoader to process context configuration [ContextConfigurationAttributes@485e36bc declaringClass = 'alcuk.article.service.ArticleServiceTest', classes = '{class alcuk.article.service.DefaultArticleService}', locations = '{}', inheritLocations = true, initializers = '{}', inheritInitializers = true, name = [null], contextLoaderClass = 'org.springframework.test.context.ContextLoader'].
07:49:04.056 [Test worker] DEBUG org.springframework.test.context.support.ActiveProfilesUtils - Could not find an 'annotation declaring class' for annotation type [org.springframework.test.context.ActiveProfiles] and class [alcuk.article.service.ArticleServiceTest]
07:49:04.056 [Test worker] DEBUG org.springframework.test.context.support.DefaultTestContextBootstrapper - @TestExecutionListeners is not present for class [alcuk.article.service.ArticleServiceTest]: using defaults.
07:49:04.056 [Test worker] INFO org.springframework.test.context.support.DefaultTestContextBootstrapper - Loaded default TestExecutionListener class names from location [META-INF/spring.factories]: [org.springframework.boot.test.autoconfigure.restdocs.RestDocsTestExecutionListener, org.springframework.boot.test.autoconfigure.web.client.MockRestServiceServerResetTestExecutionListener, org.springframework.boot.test.autoconfigure.web.servlet.MockMvcPrintOnlyOnFailureTestExecutionListener, org.springframework.boot.test.autoconfigure.web.servlet.WebDriverTestExecutionListener, org.springframework.boot.test.autoconfigure.webservices.client.MockWebServiceServerTestExecutionListener, org.springframework.boot.test.mock.mockito.MockitoTestExecutionListener, org.springframework.boot.test.mock.mockito.ResetMocksTestExecutionListener, org.springframework.test.context.web.ServletTestExecutionListener, org.springframework.test.context.support.DirtiesContextBeforeModesTestExecutionListener, org.springframework.test.context.event.ApplicationEventsTestExecutionListener, org.springframework.test.context.support.DependencyInjectionTestExecutionListener, org.springframework.test.context.support.DirtiesContextTestExecutionListener, org.springframework.test.context.transaction.TransactionalTestExecutionListener, org.springframework.test.context.jdbc.SqlScriptsTestExecutionListener, org.springframework.test.context.event.EventPublishingTestExecutionListener]
07:49:04.062 [Test worker] DEBUG org.springframework.test.context.support.DefaultTestContextBootstrapper - Skipping candidate TestExecutionListener [org.springframework.test.context.web.ServletTestExecutionListener] due to a missing dependency. Specify custom listener classes or make the default listener classes and their required dependencies available. Offending class: [javax/servlet/ServletContext]
07:49:04.063 [Test worker] DEBUG org.springframework.test.context.support.DefaultTestContextBootstrapper - Skipping candidate TestExecutionListener [org.springframework.test.context.transaction.TransactionalTestExecutionListener] due to a missing dependency. Specify custom listener classes or make the default listener classes and their required dependencies available. Offending class: [org/springframework/transaction/interceptor/TransactionAttributeSource]
07:49:04.063 [Test worker] DEBUG org.springframework.test.context.support.DefaultTestContextBootstrapper - Skipping candidate TestExecutionListener [org.springframework.test.context.jdbc.SqlScriptsTestExecutionListener] due to a missing dependency. Specify custom listener classes or make the default listener classes and their required dependencies available. Offending class: [org/springframework/transaction/interceptor/TransactionAttribute]
07:49:04.064 [Test worker] INFO org.springframework.test.context.support.DefaultTestContextBootstrapper - Using TestExecutionListeners: [org.springframework.test.context.support.DirtiesContextBeforeModesTestExecutionListener@618c5d94, org.springframework.test.context.event.ApplicationEventsTestExecutionListener@5b40ceb, org.springframework.boot.test.mock.mockito.MockitoTestExecutionListener@13c3c1e1, org.springframework.test.context.support.DependencyInjectionTestExecutionListener@1d8062d2, org.springframework.test.context.support.DirtiesContextTestExecutionListener@1e63ec0b, org.springframework.test.context.event.EventPublishingTestExecutionListener@3b956878, org.springframework.boot.test.autoconfigure.restdocs.RestDocsTestExecutionListener@36546a22, org.springframework.boot.test.autoconfigure.web.client.MockRestServiceServerResetTestExecutionListener@285c08c8, org.springframework.boot.test.autoconfigure.web.servlet.MockMvcPrintOnlyOnFailureTestExecutionListener@295eaa7c, org.springframework.boot.test.autoconfigure.web.servlet.WebDriverTestExecutionListener@3918c187, org.springframework.boot.test.autoconfigure.webservices.client.MockWebServiceServerTestExecutionListener@2c88b9fc, org.springframework.boot.test.mock.mockito.ResetMocksTestExecutionListener@64dafeed]
07:49:04.065 [Test worker] DEBUG org.springframework.test.context.support.AbstractDirtiesContextTestExecutionListener - Before test class: context [DefaultTestContext@7be58f16 testClass = ArticleServiceTest, testInstance = [null], testMethod = [null], testException = [null], mergedContextConfiguration = [MergedContextConfiguration@242aa8d9 testClass = ArticleServiceTest, locations = '{}', classes = '{class alcuk.article.service.DefaultArticleService}', contextInitializerClasses = '[]', activeProfiles = '{}', propertySourceLocations = '{}', propertySourceProperties = '{}', contextCustomizers = set[org.springframework.boot.test.autoconfigure.actuate.metrics.MetricsExportContextCustomizerFactory$DisableMetricExportContextCustomizer@6da00fb9, org.springframework.boot.test.autoconfigure.properties.PropertyMappingContextCustomizer@0, org.springframework.boot.test.autoconfigure.web.servlet.WebDriverContextCustomizerFactory$Customizer@6aecbb8d, org.springframework.boot.test.context.filter.ExcludeFilterContextCustomizer@72758afa, org.springframework.boot.test.json.DuplicateJsonObjectContextCustomizerFactory$DuplicateJsonObjectContextCustomizer@607fbe09, org.springframework.boot.test.mock.mockito.MockitoContextCustomizer@eda975c0], contextLoader = 'org.springframework.test.context.support.DelegatingSmartContextLoader', parent = [null]], attributes = map[[empty]]], class annotated with @DirtiesContext [false] with mode [null].
07:49:04.077 [Test worker] DEBUG org.springframework.test.context.support.AbstractDelegatingSmartContextLoader - Delegating to AnnotationConfigContextLoader to load context from [MergedContextConfiguration@242aa8d9 testClass = ArticleServiceTest, locations = '{}', classes = '{class alcuk.article.service.DefaultArticleService}', contextInitializerClasses = '[]', activeProfiles = '{}', propertySourceLocations = '{}', propertySourceProperties = '{}', contextCustomizers = set[org.springframework.boot.test.autoconfigure.actuate.metrics.MetricsExportContextCustomizerFactory$DisableMetricExportContextCustomizer@6da00fb9, org.springframework.boot.test.autoconfigure.properties.PropertyMappingContextCustomizer@0, org.springframework.boot.test.autoconfigure.web.servlet.WebDriverContextCustomizerFactory$Customizer@6aecbb8d, org.springframework.boot.test.context.filter.ExcludeFilterContextCustomizer@72758afa, org.springframework.boot.test.json.DuplicateJsonObjectContextCustomizerFactory$DuplicateJsonObjectContextCustomizer@607fbe09, org.springframework.boot.test.mock.mockito.MockitoContextCustomizer@eda975c0], contextLoader = 'org.springframework.test.context.support.DelegatingSmartContextLoader', parent = [null]].
07:49:04.077 [Test worker] DEBUG org.springframework.test.context.support.AbstractGenericContextLoader - Loading ApplicationContext for merged context configuration [[MergedContextConfiguration@242aa8d9 testClass = ArticleServiceTest, locations = '{}', classes = '{class alcuk.article.service.DefaultArticleService}', contextInitializerClasses = '[]', activeProfiles = '{}', propertySourceLocations = '{}', propertySourceProperties = '{}', contextCustomizers = set[org.springframework.boot.test.autoconfigure.actuate.metrics.MetricsExportContextCustomizerFactory$DisableMetricExportContextCustomizer@6da00fb9, org.springframework.boot.test.autoconfigure.properties.PropertyMappingContextCustomizer@0, org.springframework.boot.test.autoconfigure.web.servlet.WebDriverContextCustomizerFactory$Customizer@6aecbb8d, org.springframework.boot.test.context.filter.ExcludeFilterContextCustomizer@72758afa, org.springframework.boot.test.json.DuplicateJsonObjectContextCustomizerFactory$DuplicateJsonObjectContextCustomizer@607fbe09, org.springframework.boot.test.mock.mockito.MockitoContextCustomizer@eda975c0], contextLoader = 'org.springframework.test.context.support.DelegatingSmartContextLoader', parent = [null]]].
07:49:04.100 [Test worker] DEBUG org.springframework.core.env.StandardEnvironment - Activating profiles []
07:49:04.100 [Test worker] DEBUG org.springframework.test.context.support.AnnotationConfigContextLoader - Registering component classes: {class alcuk.article.service.DefaultArticleService}
07:49:04.124 [Test worker] DEBUG org.springframework.context.support.GenericApplicationContext - Refreshing org.springframework.context.support.GenericApplicationContext@42a9e5d1
07:49:04.131 [Test worker] DEBUG org.springframework.beans.factory.support.DefaultListableBeanFactory - Creating shared instance of singleton bean 'org.springframework.context.annotation.internalConfigurationAnnotationProcessor'
07:49:04.153 [Test worker] DEBUG org.springframework.beans.factory.support.DefaultListableBeanFactory - Creating shared instance of singleton bean 'org.springframework.boot.test.mock.mockito.MockitoPostProcessor'
07:49:04.462 [Test worker] DEBUG org.springframework.beans.factory.support.DefaultListableBeanFactory - Creating shared instance of singleton bean 'org.springframework.context.event.internalEventListenerProcessor'
07:49:04.465 [Test worker] DEBUG org.springframework.beans.factory.support.DefaultListableBeanFactory - Creating shared instance of singleton bean 'org.springframework.context.event.internalEventListenerFactory'
07:49:04.466 [Test worker] DEBUG org.springframework.beans.factory.support.DefaultListableBeanFactory - Creating shared instance of singleton bean 'org.springframework.context.annotation.internalAutowiredAnnotationProcessor'
07:49:04.467 [Test worker] DEBUG org.springframework.beans.factory.support.DefaultListableBeanFactory - Creating shared instance of singleton bean 'org.springframework.context.annotation.internalCommonAnnotationProcessor'
07:49:04.471 [Test worker] DEBUG org.springframework.beans.factory.support.DefaultListableBeanFactory - Creating shared instance of singleton bean 'org.springframework.boot.test.mock.mockito.MockitoPostProcessor$SpyPostProcessor'
07:49:04.479 [Test worker] DEBUG org.springframework.beans.factory.support.DefaultListableBeanFactory - Creating shared instance of singleton bean 'defaultArticleService'
07:49:04.487 [Test worker] DEBUG org.springframework.beans.factory.support.DefaultListableBeanFactory - Autowiring by type from bean name 'defaultArticleService' via constructor to bean named 'alcuk.article.service.spi.ArticleServiceRepository#0'
07:49:04.510 [Test worker] DEBUG org.springframework.test.context.cache.DefaultCacheAwareContextLoaderDelegate - Storing ApplicationContext [1118430673] in cache under key [[MergedContextConfiguration@242aa8d9 testClass = ArticleServiceTest, locations = '{}', classes = '{class alcuk.article.service.DefaultArticleService}', contextInitializerClasses = '[]', activeProfiles = '{}', propertySourceLocations = '{}', propertySourceProperties = '{}', contextCustomizers = set[org.springframework.boot.test.autoconfigure.actuate.metrics.MetricsExportContextCustomizerFactory$DisableMetricExportContextCustomizer@6da00fb9, org.springframework.boot.test.autoconfigure.properties.PropertyMappingContextCustomizer@0, org.springframework.boot.test.autoconfigure.web.servlet.WebDriverContextCustomizerFactory$Customizer@6aecbb8d, org.springframework.boot.test.context.filter.ExcludeFilterContextCustomizer@72758afa, org.springframework.boot.test.json.DuplicateJsonObjectContextCustomizerFactory$DuplicateJsonObjectContextCustomizer@607fbe09, org.springframework.boot.test.mock.mockito.MockitoContextCustomizer@eda975c0], contextLoader = 'org.springframework.test.context.support.DelegatingSmartContextLoader', parent = [null]]]
07:49:04.511 [Test worker] DEBUG org.springframework.test.context.cache - Spring test ApplicationContext cache statistics: [DefaultContextCache@41522537 size = 1, maxSize = 32, parentContextCount = 0, hitCount = 0, missCount = 1]
07:49:04.512 [Test worker] DEBUG org.springframework.test.context.support.DependencyInjectionTestExecutionListener - Performing dependency injection for test context [[DefaultTestContext@7be58f16 testClass = ArticleServiceTest, testInstance = alcuk.article.service.ArticleServiceTest@35cd68d4, testMethod = [null], testException = [null], mergedContextConfiguration = [MergedContextConfiguration@242aa8d9 testClass = ArticleServiceTest, locations = '{}', classes = '{class alcuk.article.service.DefaultArticleService}', contextInitializerClasses = '[]', activeProfiles = '{}', propertySourceLocations = '{}', propertySourceProperties = '{}', contextCustomizers = set[org.springframework.boot.test.autoconfigure.actuate.metrics.MetricsExportContextCustomizerFactory$DisableMetricExportContextCustomizer@6da00fb9, org.springframework.boot.test.autoconfigure.properties.PropertyMappingContextCustomizer@0, org.springframework.boot.test.autoconfigure.web.servlet.WebDriverContextCustomizerFactory$Customizer@6aecbb8d, org.springframework.boot.test.context.filter.ExcludeFilterContextCustomizer@72758afa, org.springframework.boot.test.json.DuplicateJsonObjectContextCustomizerFactory$DuplicateJsonObjectContextCustomizer@607fbe09, org.springframework.boot.test.mock.mockito.MockitoContextCustomizer@eda975c0], contextLoader = 'org.springframework.test.context.support.DelegatingSmartContextLoader', parent = [null]], attributes = map['org.springframework.test.context.event.ApplicationEventsTestExecutionListener.recordApplicationEvents' -> false]]].
07:49:04.512 [Test worker] DEBUG org.springframework.test.context.cache.DefaultCacheAwareContextLoaderDelegate - Retrieved ApplicationContext [1118430673] from cache with key [[MergedContextConfiguration@242aa8d9 testClass = ArticleServiceTest, locations = '{}', classes = '{class alcuk.article.service.DefaultArticleService}', contextInitializerClasses = '[]', activeProfiles = '{}', propertySourceLocations = '{}', propertySourceProperties = '{}', contextCustomizers = set[org.springframework.boot.test.autoconfigure.actuate.metrics.MetricsExportContextCustomizerFactory$DisableMetricExportContextCustomizer@6da00fb9, org.springframework.boot.test.autoconfigure.properties.PropertyMappingContextCustomizer@0, org.springframework.boot.test.autoconfigure.web.servlet.WebDriverContextCustomizerFactory$Customizer@6aecbb8d, org.springframework.boot.test.context.filter.ExcludeFilterContextCustomizer@72758afa, org.springframework.boot.test.json.DuplicateJsonObjectContextCustomizerFactory$DuplicateJsonObjectContextCustomizer@607fbe09, org.springframework.boot.test.mock.mockito.MockitoContextCustomizer@eda975c0], contextLoader = 'org.springframework.test.context.support.DelegatingSmartContextLoader', parent = [null]]]
07:49:04.512 [Test worker] DEBUG org.springframework.test.context.cache - Spring test ApplicationContext cache statistics: [DefaultContextCache@41522537 size = 1, maxSize = 32, parentContextCount = 0, hitCount = 1, missCount = 1]
07:49:04.516 [Test worker] DEBUG org.springframework.test.context.cache.DefaultCacheAwareContextLoaderDelegate - Retrieved ApplicationContext [1118430673] from cache with key [[MergedContextConfiguration@242aa8d9 testClass = ArticleServiceTest, locations = '{}', classes = '{class alcuk.article.service.DefaultArticleService}', contextInitializerClasses = '[]', activeProfiles = '{}', propertySourceLocations = '{}', propertySourceProperties = '{}', contextCustomizers = set[org.springframework.boot.test.autoconfigure.actuate.metrics.MetricsExportContextCustomizerFactory$DisableMetricExportContextCustomizer@6da00fb9, org.springframework.boot.test.autoconfigure.properties.PropertyMappingContextCustomizer@0, org.springframework.boot.test.autoconfigure.web.servlet.WebDriverContextCustomizerFactory$Customizer@6aecbb8d, org.springframework.boot.test.context.filter.ExcludeFilterContextCustomizer@72758afa, org.springframework.boot.test.json.DuplicateJsonObjectContextCustomizerFactory$DuplicateJsonObjectContextCustomizer@607fbe09, org.springframework.boot.test.mock.mockito.MockitoContextCustomizer@eda975c0], contextLoader = 'org.springframework.test.context.support.DelegatingSmartContextLoader', parent = [null]]]
07:49:04.516 [Test worker] DEBUG org.springframework.test.context.cache - Spring test ApplicationContext cache statistics: [DefaultContextCache@41522537 size = 1, maxSize = 32, parentContextCount = 0, hitCount = 2, missCount = 1]
07:49:04.520 [Test worker] DEBUG org.springframework.test.context.support.AbstractDirtiesContextTestExecutionListener - Before test method: context [DefaultTestContext@7be58f16 testClass = ArticleServiceTest, testInstance = alcuk.article.service.ArticleServiceTest@35cd68d4, testMethod = CREATE_AND_READ_ARTICLE@ArticleServiceTest, testException = [null], mergedContextConfiguration = [MergedContextConfiguration@242aa8d9 testClass = ArticleServiceTest, locations = '{}', classes = '{class alcuk.article.service.DefaultArticleService}', contextInitializerClasses = '[]', activeProfiles = '{}', propertySourceLocations = '{}', propertySourceProperties = '{}', contextCustomizers = set[org.springframework.boot.test.autoconfigure.actuate.metrics.MetricsExportContextCustomizerFactory$DisableMetricExportContextCustomizer@6da00fb9, org.springframework.boot.test.autoconfigure.properties.PropertyMappingContextCustomizer@0, org.springframework.boot.test.autoconfigure.web.servlet.WebDriverContextCustomizerFactory$Customizer@6aecbb8d, org.springframework.boot.test.context.filter.ExcludeFilterContextCustomizer@72758afa, org.springframework.boot.test.json.DuplicateJsonObjectContextCustomizerFactory$DuplicateJsonObjectContextCustomizer@607fbe09, org.springframework.boot.test.mock.mockito.MockitoContextCustomizer@eda975c0], contextLoader = 'org.springframework.test.context.support.DelegatingSmartContextLoader', parent = [null]], attributes = map['org.springframework.test.context.event.ApplicationEventsTestExecutionListener.recordApplicationEvents' -> false]], class annotated with @DirtiesContext [false] with mode [null], method annotated with @DirtiesContext [false] with mode [null].
07:49:04.521 [Test worker] DEBUG org.springframework.test.context.cache.DefaultCacheAwareContextLoaderDelegate - Retrieved ApplicationContext [1118430673] from cache with key [[MergedContextConfiguration@242aa8d9 testClass = ArticleServiceTest, locations = '{}', classes = '{class alcuk.article.service.DefaultArticleService}', contextInitializerClasses = '[]', activeProfiles = '{}', propertySourceLocations = '{}', propertySourceProperties = '{}', contextCustomizers = set[org.springframework.boot.test.autoconfigure.actuate.metrics.MetricsExportContextCustomizerFactory$DisableMetricExportContextCustomizer@6da00fb9, org.springframework.boot.test.autoconfigure.properties.PropertyMappingContextCustomizer@0, org.springframework.boot.test.autoconfigure.web.servlet.WebDriverContextCustomizerFactory$Customizer@6aecbb8d, org.springframework.boot.test.context.filter.ExcludeFilterContextCustomizer@72758afa, org.springframework.boot.test.json.DuplicateJsonObjectContextCustomizerFactory$DuplicateJsonObjectContextCustomizer@607fbe09, org.springframework.boot.test.mock.mockito.MockitoContextCustomizer@eda975c0], contextLoader = 'org.springframework.test.context.support.DelegatingSmartContextLoader', parent = [null]]]
07:49:04.521 [Test worker] DEBUG org.springframework.test.context.cache - Spring test ApplicationContext cache statistics: [DefaultContextCache@41522537 size = 1, maxSize = 32, parentContextCount = 0, hitCount = 3, missCount = 1]
07:49:04.521 [Test worker] DEBUG org.springframework.test.context.cache.DefaultCacheAwareContextLoaderDelegate - Retrieved ApplicationContext [1118430673] from cache with key [[MergedContextConfiguration@242aa8d9 testClass = ArticleServiceTest, locations = '{}', classes = '{class alcuk.article.service.DefaultArticleService}', contextInitializerClasses = '[]', activeProfiles = '{}', propertySourceLocations = '{}', propertySourceProperties = '{}', contextCustomizers = set[org.springframework.boot.test.autoconfigure.actuate.metrics.MetricsExportContextCustomizerFactory$DisableMetricExportContextCustomizer@6da00fb9, org.springframework.boot.test.autoconfigure.properties.PropertyMappingContextCustomizer@0, org.springframework.boot.test.autoconfigure.web.servlet.WebDriverContextCustomizerFactory$Customizer@6aecbb8d, org.springframework.boot.test.context.filter.ExcludeFilterContextCustomizer@72758afa, org.springframework.boot.test.json.DuplicateJsonObjectContextCustomizerFactory$DuplicateJsonObjectContextCustomizer@607fbe09, org.springframework.boot.test.mock.mockito.MockitoContextCustomizer@eda975c0], contextLoader = 'org.springframework.test.context.support.DelegatingSmartContextLoader', parent = [null]]]
07:49:04.521 [Test worker] DEBUG org.springframework.test.context.cache - Spring test ApplicationContext cache statistics: [DefaultContextCache@41522537 size = 1, maxSize = 32, parentContextCount = 0, hitCount = 4, missCount = 1]
07:49:04.523 [Test worker] DEBUG org.springframework.test.context.cache.DefaultCacheAwareContextLoaderDelegate - Retrieved ApplicationContext [1118430673] from cache with key [[MergedContextConfiguration@242aa8d9 testClass = ArticleServiceTest, locations = '{}', classes = '{class alcuk.article.service.DefaultArticleService}', contextInitializerClasses = '[]', activeProfiles = '{}', propertySourceLocations = '{}', propertySourceProperties = '{}', contextCustomizers = set[org.springframework.boot.test.autoconfigure.actuate.metrics.MetricsExportContextCustomizerFactory$DisableMetricExportContextCustomizer@6da00fb9, org.springframework.boot.test.autoconfigure.properties.PropertyMappingContextCustomizer@0, org.springframework.boot.test.autoconfigure.web.servlet.WebDriverContextCustomizerFactory$Customizer@6aecbb8d, org.springframework.boot.test.context.filter.ExcludeFilterContextCustomizer@72758afa, org.springframework.boot.test.json.DuplicateJsonObjectContextCustomizerFactory$DuplicateJsonObjectContextCustomizer@607fbe09, org.springframework.boot.test.mock.mockito.MockitoContextCustomizer@eda975c0], contextLoader = 'org.springframework.test.context.support.DelegatingSmartContextLoader', parent = [null]]]
07:49:04.524 [Test worker] DEBUG org.springframework.test.context.cache - Spring test ApplicationContext cache statistics: [DefaultContextCache@41522537 size = 1, maxSize = 32, parentContextCount = 0, hitCount = 5, missCount = 1]
07:49:04.547 [Test worker] DEBUG org.springframework.test.context.cache.DefaultCacheAwareContextLoaderDelegate - Retrieved ApplicationContext [1118430673] from cache with key [[MergedContextConfiguration@242aa8d9 testClass = ArticleServiceTest, locations = '{}', classes = '{class alcuk.article.service.DefaultArticleService}', contextInitializerClasses = '[]', activeProfiles = '{}', propertySourceLocations = '{}', propertySourceProperties = '{}', contextCustomizers = set[org.springframework.boot.test.autoconfigure.actuate.metrics.MetricsExportContextCustomizerFactory$DisableMetricExportContextCustomizer@6da00fb9, org.springframework.boot.test.autoconfigure.properties.PropertyMappingContextCustomizer@0, org.springframework.boot.test.autoconfigure.web.servlet.WebDriverContextCustomizerFactory$Customizer@6aecbb8d, org.springframework.boot.test.context.filter.ExcludeFilterContextCustomizer@72758afa, org.springframework.boot.test.json.DuplicateJsonObjectContextCustomizerFactory$DuplicateJsonObjectContextCustomizer@607fbe09, org.springframework.boot.test.mock.mockito.MockitoContextCustomizer@eda975c0], contextLoader = 'org.springframework.test.context.support.DelegatingSmartContextLoader', parent = [null]]]
07:49:04.547 [Test worker] DEBUG org.springframework.test.context.cache - Spring test ApplicationContext cache statistics: [DefaultContextCache@41522537 size = 1, maxSize = 32, parentContextCount = 0, hitCount = 6, missCount = 1]
07:49:04.547 [Test worker] DEBUG org.springframework.test.context.cache.DefaultCacheAwareContextLoaderDelegate - Retrieved ApplicationContext [1118430673] from cache with key [[MergedContextConfiguration@242aa8d9 testClass = ArticleServiceTest, locations = '{}', classes = '{class alcuk.article.service.DefaultArticleService}', contextInitializerClasses = '[]', activeProfiles = '{}', propertySourceLocations = '{}', propertySourceProperties = '{}', contextCustomizers = set[org.springframework.boot.test.autoconfigure.actuate.metrics.MetricsExportContextCustomizerFactory$DisableMetricExportContextCustomizer@6da00fb9, org.springframework.boot.test.autoconfigure.properties.PropertyMappingContextCustomizer@0, org.springframework.boot.test.autoconfigure.web.servlet.WebDriverContextCustomizerFactory$Customizer@6aecbb8d, org.springframework.boot.test.context.filter.ExcludeFilterContextCustomizer@72758afa, org.springframework.boot.test.json.DuplicateJsonObjectContextCustomizerFactory$DuplicateJsonObjectContextCustomizer@607fbe09, org.springframework.boot.test.mock.mockito.MockitoContextCustomizer@eda975c0], contextLoader = 'org.springframework.test.context.support.DelegatingSmartContextLoader', parent = [null]]]
07:49:04.547 [Test worker] DEBUG org.springframework.test.context.cache - Spring test ApplicationContext cache statistics: [DefaultContextCache@41522537 size = 1, maxSize = 32, parentContextCount = 0, hitCount = 7, missCount = 1]
07:49:04.548 [Test worker] DEBUG org.springframework.test.context.cache.DefaultCacheAwareContextLoaderDelegate - Retrieved ApplicationContext [1118430673] from cache with key [[MergedContextConfiguration@242aa8d9 testClass = ArticleServiceTest, locations = '{}', classes = '{class alcuk.article.service.DefaultArticleService}', contextInitializerClasses = '[]', activeProfiles = '{}', propertySourceLocations = '{}', propertySourceProperties = '{}', contextCustomizers = set[org.springframework.boot.test.autoconfigure.actuate.metrics.MetricsExportContextCustomizerFactory$DisableMetricExportContextCustomizer@6da00fb9, org.springframework.boot.test.autoconfigure.properties.PropertyMappingContextCustomizer@0, org.springframework.boot.test.autoconfigure.web.servlet.WebDriverContextCustomizerFactory$Customizer@6aecbb8d, org.springframework.boot.test.context.filter.ExcludeFilterContextCustomizer@72758afa, org.springframework.boot.test.json.DuplicateJsonObjectContextCustomizerFactory$DuplicateJsonObjectContextCustomizer@607fbe09, org.springframework.boot.test.mock.mockito.MockitoContextCustomizer@eda975c0], contextLoader = 'org.springframework.test.context.support.DelegatingSmartContextLoader', parent = [null]]]
07:49:04.548 [Test worker] DEBUG org.springframework.test.context.cache - Spring test ApplicationContext cache statistics: [DefaultContextCache@41522537 size = 1, maxSize = 32, parentContextCount = 0, hitCount = 8, missCount = 1]
07:49:04.548 [Test worker] DEBUG org.springframework.test.context.cache.DefaultCacheAwareContextLoaderDelegate - Retrieved ApplicationContext [1118430673] from cache with key [[MergedContextConfiguration@242aa8d9 testClass = ArticleServiceTest, locations = '{}', classes = '{class alcuk.article.service.DefaultArticleService}', contextInitializerClasses = '[]', activeProfiles = '{}', propertySourceLocations = '{}', propertySourceProperties = '{}', contextCustomizers = set[org.springframework.boot.test.autoconfigure.actuate.metrics.MetricsExportContextCustomizerFactory$DisableMetricExportContextCustomizer@6da00fb9, org.springframework.boot.test.autoconfigure.properties.PropertyMappingContextCustomizer@0, org.springframework.boot.test.autoconfigure.web.servlet.WebDriverContextCustomizerFactory$Customizer@6aecbb8d, org.springframework.boot.test.context.filter.ExcludeFilterContextCustomizer@72758afa, org.springframework.boot.test.json.DuplicateJsonObjectContextCustomizerFactory$DuplicateJsonObjectContextCustomizer@607fbe09, org.springframework.boot.test.mock.mockito.MockitoContextCustomizer@eda975c0], contextLoader = 'org.springframework.test.context.support.DelegatingSmartContextLoader', parent = [null]]]
07:49:04.548 [Test worker] DEBUG org.springframework.test.context.cache - Spring test ApplicationContext cache statistics: [DefaultContextCache@41522537 size = 1, maxSize = 32, parentContextCount = 0, hitCount = 9, missCount = 1]
07:49:04.550 [Test worker] DEBUG org.springframework.test.context.cache.DefaultCacheAwareContextLoaderDelegate - Retrieved ApplicationContext [1118430673] from cache with key [[MergedContextConfiguration@242aa8d9 testClass = ArticleServiceTest, locations = '{}', classes = '{class alcuk.article.service.DefaultArticleService}', contextInitializerClasses = '[]', activeProfiles = '{}', propertySourceLocations = '{}', propertySourceProperties = '{}', contextCustomizers = set[org.springframework.boot.test.autoconfigure.actuate.metrics.MetricsExportContextCustomizerFactory$DisableMetricExportContextCustomizer@6da00fb9, org.springframework.boot.test.autoconfigure.properties.PropertyMappingContextCustomizer@0, org.springframework.boot.test.autoconfigure.web.servlet.WebDriverContextCustomizerFactory$Customizer@6aecbb8d, org.springframework.boot.test.context.filter.ExcludeFilterContextCustomizer@72758afa, org.springframework.boot.test.json.DuplicateJsonObjectContextCustomizerFactory$DuplicateJsonObjectContextCustomizer@607fbe09, org.springframework.boot.test.mock.mockito.MockitoContextCustomizer@eda975c0], contextLoader = 'org.springframework.test.context.support.DelegatingSmartContextLoader', parent = [null]]]
07:49:04.550 [Test worker] DEBUG org.springframework.test.context.cache - Spring test ApplicationContext cache statistics: [DefaultContextCache@41522537 size = 1, maxSize = 32, parentContextCount = 0, hitCount = 10, missCount = 1]
07:49:04.551 [Test worker] DEBUG org.springframework.test.context.cache.DefaultCacheAwareContextLoaderDelegate - Retrieved ApplicationContext [1118430673] from cache with key [[MergedContextConfiguration@242aa8d9 testClass = ArticleServiceTest, locations = '{}', classes = '{class alcuk.article.service.DefaultArticleService}', contextInitializerClasses = '[]', activeProfiles = '{}', propertySourceLocations = '{}', propertySourceProperties = '{}', contextCustomizers = set[org.springframework.boot.test.autoconfigure.actuate.metrics.MetricsExportContextCustomizerFactory$DisableMetricExportContextCustomizer@6da00fb9, org.springframework.boot.test.autoconfigure.properties.PropertyMappingContextCustomizer@0, org.springframework.boot.test.autoconfigure.web.servlet.WebDriverContextCustomizerFactory$Customizer@6aecbb8d, org.springframework.boot.test.context.filter.ExcludeFilterContextCustomizer@72758afa, org.springframework.boot.test.json.DuplicateJsonObjectContextCustomizerFactory$DuplicateJsonObjectContextCustomizer@607fbe09, org.springframework.boot.test.mock.mockito.MockitoContextCustomizer@eda975c0], contextLoader = 'org.springframework.test.context.support.DelegatingSmartContextLoader', parent = [null]]]
07:49:04.552 [Test worker] DEBUG org.springframework.test.context.cache - Spring test ApplicationContext cache statistics: [DefaultContextCache@41522537 size = 1, maxSize = 32, parentContextCount = 0, hitCount = 11, missCount = 1]
07:49:04.552 [Test worker] DEBUG org.springframework.test.context.support.AbstractDirtiesContextTestExecutionListener - After test method: context [DefaultTestContext@7be58f16 testClass = ArticleServiceTest, testInstance = alcuk.article.service.ArticleServiceTest@35cd68d4, testMethod = CREATE_AND_READ_ARTICLE@ArticleServiceTest, testException = [null], mergedContextConfiguration = [MergedContextConfiguration@242aa8d9 testClass = ArticleServiceTest, locations = '{}', classes = '{class alcuk.article.service.DefaultArticleService}', contextInitializerClasses = '[]', activeProfiles = '{}', propertySourceLocations = '{}', propertySourceProperties = '{}', contextCustomizers = set[org.springframework.boot.test.autoconfigure.actuate.metrics.MetricsExportContextCustomizerFactory$DisableMetricExportContextCustomizer@6da00fb9, org.springframework.boot.test.autoconfigure.properties.PropertyMappingContextCustomizer@0, org.springframework.boot.test.autoconfigure.web.servlet.WebDriverContextCustomizerFactory$Customizer@6aecbb8d, org.springframework.boot.test.context.filter.ExcludeFilterContextCustomizer@72758afa, org.springframework.boot.test.json.DuplicateJsonObjectContextCustomizerFactory$DuplicateJsonObjectContextCustomizer@607fbe09, org.springframework.boot.test.mock.mockito.MockitoContextCustomizer@eda975c0], contextLoader = 'org.springframework.test.context.support.DelegatingSmartContextLoader', parent = [null]], attributes = map['org.springframework.test.context.event.ApplicationEventsTestExecutionListener.recordApplicationEvents' -> false]], class annotated with @DirtiesContext [false] with mode [null], method annotated with @DirtiesContext [false] with mode [null].
07:49:04.558 [Test worker] DEBUG org.springframework.test.context.cache.DefaultCacheAwareContextLoaderDelegate - Retrieved ApplicationContext [1118430673] from cache with key [[MergedContextConfiguration@242aa8d9 testClass = ArticleServiceTest, locations = '{}', classes = '{class alcuk.article.service.DefaultArticleService}', contextInitializerClasses = '[]', activeProfiles = '{}', propertySourceLocations = '{}', propertySourceProperties = '{}', contextCustomizers = set[org.springframework.boot.test.autoconfigure.actuate.metrics.MetricsExportContextCustomizerFactory$DisableMetricExportContextCustomizer@6da00fb9, org.springframework.boot.test.autoconfigure.properties.PropertyMappingContextCustomizer@0, org.springframework.boot.test.autoconfigure.web.servlet.WebDriverContextCustomizerFactory$Customizer@6aecbb8d, org.springframework.boot.test.context.filter.ExcludeFilterContextCustomizer@72758afa, org.springframework.boot.test.json.DuplicateJsonObjectContextCustomizerFactory$DuplicateJsonObjectContextCustomizer@607fbe09, org.springframework.boot.test.mock.mockito.MockitoContextCustomizer@eda975c0], contextLoader = 'org.springframework.test.context.support.DelegatingSmartContextLoader', parent = [null]]]
07:49:04.559 [Test worker] DEBUG org.springframework.test.context.cache - Spring test ApplicationContext cache statistics: [DefaultContextCache@41522537 size = 1, maxSize = 32, parentContextCount = 0, hitCount = 12, missCount = 1]
07:49:04.559 [Test worker] DEBUG org.springframework.test.context.support.DependencyInjectionTestExecutionListener - Performing dependency injection for test context [[DefaultTestContext@7be58f16 testClass = ArticleServiceTest, testInstance = alcuk.article.service.ArticleServiceTest@5527b211, testMethod = [null], testException = [null], mergedContextConfiguration = [MergedContextConfiguration@242aa8d9 testClass = ArticleServiceTest, locations = '{}', classes = '{class alcuk.article.service.DefaultArticleService}', contextInitializerClasses = '[]', activeProfiles = '{}', propertySourceLocations = '{}', propertySourceProperties = '{}', contextCustomizers = set[org.springframework.boot.test.autoconfigure.actuate.metrics.MetricsExportContextCustomizerFactory$DisableMetricExportContextCustomizer@6da00fb9, org.springframework.boot.test.autoconfigure.properties.PropertyMappingContextCustomizer@0, org.springframework.boot.test.autoconfigure.web.servlet.WebDriverContextCustomizerFactory$Customizer@6aecbb8d, org.springframework.boot.test.context.filter.ExcludeFilterContextCustomizer@72758afa, org.springframework.boot.test.json.DuplicateJsonObjectContextCustomizerFactory$DuplicateJsonObjectContextCustomizer@607fbe09, org.springframework.boot.test.mock.mockito.MockitoContextCustomizer@eda975c0], contextLoader = 'org.springframework.test.context.support.DelegatingSmartContextLoader', parent = [null]], attributes = map['org.springframework.test.context.event.ApplicationEventsTestExecutionListener.recordApplicationEvents' -> false]]].
07:49:04.559 [Test worker] DEBUG org.springframework.test.context.cache.DefaultCacheAwareContextLoaderDelegate - Retrieved ApplicationContext [1118430673] from cache with key [[MergedContextConfiguration@242aa8d9 testClass = ArticleServiceTest, locations = '{}', classes = '{class alcuk.article.service.DefaultArticleService}', contextInitializerClasses = '[]', activeProfiles = '{}', propertySourceLocations = '{}', propertySourceProperties = '{}', contextCustomizers = set[org.springframework.boot.test.autoconfigure.actuate.metrics.MetricsExportContextCustomizerFactory$DisableMetricExportContextCustomizer@6da00fb9, org.springframework.boot.test.autoconfigure.properties.PropertyMappingContextCustomizer@0, org.springframework.boot.test.autoconfigure.web.servlet.WebDriverContextCustomizerFactory$Customizer@6aecbb8d, org.springframework.boot.test.context.filter.ExcludeFilterContextCustomizer@72758afa, org.springframework.boot.test.json.DuplicateJsonObjectContextCustomizerFactory$DuplicateJsonObjectContextCustomizer@607fbe09, org.springframework.boot.test.mock.mockito.MockitoContextCustomizer@eda975c0], contextLoader = 'org.springframework.test.context.support.DelegatingSmartContextLoader', parent = [null]]]
07:49:04.559 [Test worker] DEBUG org.springframework.test.context.cache - Spring test ApplicationContext cache statistics: [DefaultContextCache@41522537 size = 1, maxSize = 32, parentContextCount = 0, hitCount = 13, missCount = 1]
07:49:04.559 [Test worker] DEBUG org.springframework.test.context.cache.DefaultCacheAwareContextLoaderDelegate - Retrieved ApplicationContext [1118430673] from cache with key [[MergedContextConfiguration@242aa8d9 testClass = ArticleServiceTest, locations = '{}', classes = '{class alcuk.article.service.DefaultArticleService}', contextInitializerClasses = '[]', activeProfiles = '{}', propertySourceLocations = '{}', propertySourceProperties = '{}', contextCustomizers = set[org.springframework.boot.test.autoconfigure.actuate.metrics.MetricsExportContextCustomizerFactory$DisableMetricExportContextCustomizer@6da00fb9, org.springframework.boot.test.autoconfigure.properties.PropertyMappingContextCustomizer@0, org.springframework.boot.test.autoconfigure.web.servlet.WebDriverContextCustomizerFactory$Customizer@6aecbb8d, org.springframework.boot.test.context.filter.ExcludeFilterContextCustomizer@72758afa, org.springframework.boot.test.json.DuplicateJsonObjectContextCustomizerFactory$DuplicateJsonObjectContextCustomizer@607fbe09, org.springframework.boot.test.mock.mockito.MockitoContextCustomizer@eda975c0], contextLoader = 'org.springframework.test.context.support.DelegatingSmartContextLoader', parent = [null]]]
07:49:04.559 [Test worker] DEBUG org.springframework.test.context.cache - Spring test ApplicationContext cache statistics: [DefaultContextCache@41522537 size = 1, maxSize = 32, parentContextCount = 0, hitCount = 14, missCount = 1]
07:49:04.560 [Test worker] DEBUG org.springframework.test.context.support.AbstractDirtiesContextTestExecutionListener - Before test method: context [DefaultTestContext@7be58f16 testClass = ArticleServiceTest, testInstance = alcuk.article.service.ArticleServiceTest@5527b211, testMethod = DELETE_ARTICLE@ArticleServiceTest, testException = [null], mergedContextConfiguration = [MergedContextConfiguration@242aa8d9 testClass = ArticleServiceTest, locations = '{}', classes = '{class alcuk.article.service.DefaultArticleService}', contextInitializerClasses = '[]', activeProfiles = '{}', propertySourceLocations = '{}', propertySourceProperties = '{}', contextCustomizers = set[org.springframework.boot.test.autoconfigure.actuate.metrics.MetricsExportContextCustomizerFactory$DisableMetricExportContextCustomizer@6da00fb9, org.springframework.boot.test.autoconfigure.properties.PropertyMappingContextCustomizer@0, org.springframework.boot.test.autoconfigure.web.servlet.WebDriverContextCustomizerFactory$Customizer@6aecbb8d, org.springframework.boot.test.context.filter.ExcludeFilterContextCustomizer@72758afa, org.springframework.boot.test.json.DuplicateJsonObjectContextCustomizerFactory$DuplicateJsonObjectContextCustomizer@607fbe09, org.springframework.boot.test.mock.mockito.MockitoContextCustomizer@eda975c0], contextLoader = 'org.springframework.test.context.support.DelegatingSmartContextLoader', parent = [null]], attributes = map['org.springframework.test.context.event.ApplicationEventsTestExecutionListener.recordApplicationEvents' -> false]], class annotated with @DirtiesContext [false] with mode [null], method annotated with @DirtiesContext [false] with mode [null].
07:49:04.560 [Test worker] DEBUG org.springframework.test.context.cache.DefaultCacheAwareContextLoaderDelegate - Retrieved ApplicationContext [1118430673] from cache with key [[MergedContextConfiguration@242aa8d9 testClass = ArticleServiceTest, locations = '{}', classes = '{class alcuk.article.service.DefaultArticleService}', contextInitializerClasses = '[]', activeProfiles = '{}', propertySourceLocations = '{}', propertySourceProperties = '{}', contextCustomizers = set[org.springframework.boot.test.autoconfigure.actuate.metrics.MetricsExportContextCustomizerFactory$DisableMetricExportContextCustomizer@6da00fb9, org.springframework.boot.test.autoconfigure.properties.PropertyMappingContextCustomizer@0, org.springframework.boot.test.autoconfigure.web.servlet.WebDriverContextCustomizerFactory$Customizer@6aecbb8d, org.springframework.boot.test.context.filter.ExcludeFilterContextCustomizer@72758afa, org.springframework.boot.test.json.DuplicateJsonObjectContextCustomizerFactory$DuplicateJsonObjectContextCustomizer@607fbe09, org.springframework.boot.test.mock.mockito.MockitoContextCustomizer@eda975c0], contextLoader = 'org.springframework.test.context.support.DelegatingSmartContextLoader', parent = [null]]]
07:49:04.560 [Test worker] DEBUG org.springframework.test.context.cache - Spring test ApplicationContext cache statistics: [DefaultContextCache@41522537 size = 1, maxSize = 32, parentContextCount = 0, hitCount = 15, missCount = 1]
07:49:04.561 [Test worker] DEBUG org.springframework.test.context.cache.DefaultCacheAwareContextLoaderDelegate - Retrieved ApplicationContext [1118430673] from cache with key [[MergedContextConfiguration@242aa8d9 testClass = ArticleServiceTest, locations = '{}', classes = '{class alcuk.article.service.DefaultArticleService}', contextInitializerClasses = '[]', activeProfiles = '{}', propertySourceLocations = '{}', propertySourceProperties = '{}', contextCustomizers = set[org.springframework.boot.test.autoconfigure.actuate.metrics.MetricsExportContextCustomizerFactory$DisableMetricExportContextCustomizer@6da00fb9, org.springframework.boot.test.autoconfigure.properties.PropertyMappingContextCustomizer@0, org.springframework.boot.test.autoconfigure.web.servlet.WebDriverContextCustomizerFactory$Customizer@6aecbb8d, org.springframework.boot.test.context.filter.ExcludeFilterContextCustomizer@72758afa, org.springframework.boot.test.json.DuplicateJsonObjectContextCustomizerFactory$DuplicateJsonObjectContextCustomizer@607fbe09, org.springframework.boot.test.mock.mockito.MockitoContextCustomizer@eda975c0], contextLoader = 'org.springframework.test.context.support.DelegatingSmartContextLoader', parent = [null]]]
07:49:04.561 [Test worker] DEBUG org.springframework.test.context.cache - Spring test ApplicationContext cache statistics: [DefaultContextCache@41522537 size = 1, maxSize = 32, parentContextCount = 0, hitCount = 16, missCount = 1]
07:49:04.562 [Test worker] DEBUG org.springframework.test.context.cache.DefaultCacheAwareContextLoaderDelegate - Retrieved ApplicationContext [1118430673] from cache with key [[MergedContextConfiguration@242aa8d9 testClass = ArticleServiceTest, locations = '{}', classes = '{class alcuk.article.service.DefaultArticleService}', contextInitializerClasses = '[]', activeProfiles = '{}', propertySourceLocations = '{}', propertySourceProperties = '{}', contextCustomizers = set[org.springframework.boot.test.autoconfigure.actuate.metrics.MetricsExportContextCustomizerFactory$DisableMetricExportContextCustomizer@6da00fb9, org.springframework.boot.test.autoconfigure.properties.PropertyMappingContextCustomizer@0, org.springframework.boot.test.autoconfigure.web.servlet.WebDriverContextCustomizerFactory$Customizer@6aecbb8d, org.springframework.boot.test.context.filter.ExcludeFilterContextCustomizer@72758afa, org.springframework.boot.test.json.DuplicateJsonObjectContextCustomizerFactory$DuplicateJsonObjectContextCustomizer@607fbe09, org.springframework.boot.test.mock.mockito.MockitoContextCustomizer@eda975c0], contextLoader = 'org.springframework.test.context.support.DelegatingSmartContextLoader', parent = [null]]]
07:49:04.562 [Test worker] DEBUG org.springframework.test.context.cache - Spring test ApplicationContext cache statistics: [DefaultContextCache@41522537 size = 1, maxSize = 32, parentContextCount = 0, hitCount = 17, missCount = 1]
07:49:04.566 [Test worker] DEBUG org.springframework.test.context.cache.DefaultCacheAwareContextLoaderDelegate - Retrieved ApplicationContext [1118430673] from cache with key [[MergedContextConfiguration@242aa8d9 testClass = ArticleServiceTest, locations = '{}', classes = '{class alcuk.article.service.DefaultArticleService}', contextInitializerClasses = '[]', activeProfiles = '{}', propertySourceLocations = '{}', propertySourceProperties = '{}', contextCustomizers = set[org.springframework.boot.test.autoconfigure.actuate.metrics.MetricsExportContextCustomizerFactory$DisableMetricExportContextCustomizer@6da00fb9, org.springframework.boot.test.autoconfigure.properties.PropertyMappingContextCustomizer@0, org.springframework.boot.test.autoconfigure.web.servlet.WebDriverContextCustomizerFactory$Customizer@6aecbb8d, org.springframework.boot.test.context.filter.ExcludeFilterContextCustomizer@72758afa, org.springframework.boot.test.json.DuplicateJsonObjectContextCustomizerFactory$DuplicateJsonObjectContextCustomizer@607fbe09, org.springframework.boot.test.mock.mockito.MockitoContextCustomizer@eda975c0], contextLoader = 'org.springframework.test.context.support.DelegatingSmartContextLoader', parent = [null]]]
07:49:04.566 [Test worker] DEBUG org.springframework.test.context.cache - Spring test ApplicationContext cache statistics: [DefaultContextCache@41522537 size = 1, maxSize = 32, parentContextCount = 0, hitCount = 18, missCount = 1]
07:49:04.567 [Test worker] DEBUG org.springframework.test.context.cache.DefaultCacheAwareContextLoaderDelegate - Retrieved ApplicationContext [1118430673] from cache with key [[MergedContextConfiguration@242aa8d9 testClass = ArticleServiceTest, locations = '{}', classes = '{class alcuk.article.service.DefaultArticleService}', contextInitializerClasses = '[]', activeProfiles = '{}', propertySourceLocations = '{}', propertySourceProperties = '{}', contextCustomizers = set[org.springframework.boot.test.autoconfigure.actuate.metrics.MetricsExportContextCustomizerFactory$DisableMetricExportContextCustomizer@6da00fb9, org.springframework.boot.test.autoconfigure.properties.PropertyMappingContextCustomizer@0, org.springframework.boot.test.autoconfigure.web.servlet.WebDriverContextCustomizerFactory$Customizer@6aecbb8d, org.springframework.boot.test.context.filter.ExcludeFilterContextCustomizer@72758afa, org.springframework.boot.test.json.DuplicateJsonObjectContextCustomizerFactory$DuplicateJsonObjectContextCustomizer@607fbe09, org.springframework.boot.test.mock.mockito.MockitoContextCustomizer@eda975c0], contextLoader = 'org.springframework.test.context.support.DelegatingSmartContextLoader', parent = [null]]]
07:49:04.567 [Test worker] DEBUG org.springframework.test.context.cache - Spring test ApplicationContext cache statistics: [DefaultContextCache@41522537 size = 1, maxSize = 32, parentContextCount = 0, hitCount = 19, missCount = 1]
07:49:04.568 [Test worker] DEBUG org.springframework.test.context.cache.DefaultCacheAwareContextLoaderDelegate - Retrieved ApplicationContext [1118430673] from cache with key [[MergedContextConfiguration@242aa8d9 testClass = ArticleServiceTest, locations = '{}', classes = '{class alcuk.article.service.DefaultArticleService}', contextInitializerClasses = '[]', activeProfiles = '{}', propertySourceLocations = '{}', propertySourceProperties = '{}', contextCustomizers = set[org.springframework.boot.test.autoconfigure.actuate.metrics.MetricsExportContextCustomizerFactory$DisableMetricExportContextCustomizer@6da00fb9, org.springframework.boot.test.autoconfigure.properties.PropertyMappingContextCustomizer@0, org.springframework.boot.test.autoconfigure.web.servlet.WebDriverContextCustomizerFactory$Customizer@6aecbb8d, org.springframework.boot.test.context.filter.ExcludeFilterContextCustomizer@72758afa, org.springframework.boot.test.json.DuplicateJsonObjectContextCustomizerFactory$DuplicateJsonObjectContextCustomizer@607fbe09, org.springframework.boot.test.mock.mockito.MockitoContextCustomizer@eda975c0], contextLoader = 'org.springframework.test.context.support.DelegatingSmartContextLoader', parent = [null]]]
07:49:04.568 [Test worker] DEBUG org.springframework.test.context.cache - Spring test ApplicationContext cache statistics: [DefaultContextCache@41522537 size = 1, maxSize = 32, parentContextCount = 0, hitCount = 20, missCount = 1]
07:49:04.568 [Test worker] DEBUG org.springframework.test.context.cache.DefaultCacheAwareContextLoaderDelegate - Retrieved ApplicationContext [1118430673] from cache with key [[MergedContextConfiguration@242aa8d9 testClass = ArticleServiceTest, locations = '{}', classes = '{class alcuk.article.service.DefaultArticleService}', contextInitializerClasses = '[]', activeProfiles = '{}', propertySourceLocations = '{}', propertySourceProperties = '{}', contextCustomizers = set[org.springframework.boot.test.autoconfigure.actuate.metrics.MetricsExportContextCustomizerFactory$DisableMetricExportContextCustomizer@6da00fb9, org.springframework.boot.test.autoconfigure.properties.PropertyMappingContextCustomizer@0, org.springframework.boot.test.autoconfigure.web.servlet.WebDriverContextCustomizerFactory$Customizer@6aecbb8d, org.springframework.boot.test.context.filter.ExcludeFilterContextCustomizer@72758afa, org.springframework.boot.test.json.DuplicateJsonObjectContextCustomizerFactory$DuplicateJsonObjectContextCustomizer@607fbe09, org.springframework.boot.test.mock.mockito.MockitoContextCustomizer@eda975c0], contextLoader = 'org.springframework.test.context.support.DelegatingSmartContextLoader', parent = [null]]]
07:49:04.568 [Test worker] DEBUG org.springframework.test.context.cache - Spring test ApplicationContext cache statistics: [DefaultContextCache@41522537 size = 1, maxSize = 32, parentContextCount = 0, hitCount = 21, missCount = 1]
07:49:04.568 [Test worker] DEBUG org.springframework.test.context.cache.DefaultCacheAwareContextLoaderDelegate - Retrieved ApplicationContext [1118430673] from cache with key [[MergedContextConfiguration@242aa8d9 testClass = ArticleServiceTest, locations = '{}', classes = '{class alcuk.article.service.DefaultArticleService}', contextInitializerClasses = '[]', activeProfiles = '{}', propertySourceLocations = '{}', propertySourceProperties = '{}', contextCustomizers = set[org.springframework.boot.test.autoconfigure.actuate.metrics.MetricsExportContextCustomizerFactory$DisableMetricExportContextCustomizer@6da00fb9, org.springframework.boot.test.autoconfigure.properties.PropertyMappingContextCustomizer@0, org.springframework.boot.test.autoconfigure.web.servlet.WebDriverContextCustomizerFactory$Customizer@6aecbb8d, org.springframework.boot.test.context.filter.ExcludeFilterContextCustomizer@72758afa, org.springframework.boot.test.json.DuplicateJsonObjectContextCustomizerFactory$DuplicateJsonObjectContextCustomizer@607fbe09, org.springframework.boot.test.mock.mockito.MockitoContextCustomizer@eda975c0], contextLoader = 'org.springframework.test.context.support.DelegatingSmartContextLoader', parent = [null]]]
07:49:04.569 [Test worker] DEBUG org.springframework.test.context.cache - Spring test ApplicationContext cache statistics: [DefaultContextCache@41522537 size = 1, maxSize = 32, parentContextCount = 0, hitCount = 22, missCount = 1]
07:49:04.569 [Test worker] DEBUG org.springframework.test.context.cache.DefaultCacheAwareContextLoaderDelegate - Retrieved ApplicationContext [1118430673] from cache with key [[MergedContextConfiguration@242aa8d9 testClass = ArticleServiceTest, locations = '{}', classes = '{class alcuk.article.service.DefaultArticleService}', contextInitializerClasses = '[]', activeProfiles = '{}', propertySourceLocations = '{}', propertySourceProperties = '{}', contextCustomizers = set[org.springframework.boot.test.autoconfigure.actuate.metrics.MetricsExportContextCustomizerFactory$DisableMetricExportContextCustomizer@6da00fb9, org.springframework.boot.test.autoconfigure.properties.PropertyMappingContextCustomizer@0, org.springframework.boot.test.autoconfigure.web.servlet.WebDriverContextCustomizerFactory$Customizer@6aecbb8d, org.springframework.boot.test.context.filter.ExcludeFilterContextCustomizer@72758afa, org.springframework.boot.test.json.DuplicateJsonObjectContextCustomizerFactory$DuplicateJsonObjectContextCustomizer@607fbe09, org.springframework.boot.test.mock.mockito.MockitoContextCustomizer@eda975c0], contextLoader = 'org.springframework.test.context.support.DelegatingSmartContextLoader', parent = [null]]]
07:49:04.570 [Test worker] DEBUG org.springframework.test.context.cache - Spring test ApplicationContext cache statistics: [DefaultContextCache@41522537 size = 1, maxSize = 32, parentContextCount = 0, hitCount = 23, missCount = 1]
07:49:04.570 [Test worker] DEBUG org.springframework.test.context.support.AbstractDirtiesContextTestExecutionListener - After test method: context [DefaultTestContext@7be58f16 testClass = ArticleServiceTest, testInstance = alcuk.article.service.ArticleServiceTest@5527b211, testMethod = DELETE_ARTICLE@ArticleServiceTest, testException = [null], mergedContextConfiguration = [MergedContextConfiguration@242aa8d9 testClass = ArticleServiceTest, locations = '{}', classes = '{class alcuk.article.service.DefaultArticleService}', contextInitializerClasses = '[]', activeProfiles = '{}', propertySourceLocations = '{}', propertySourceProperties = '{}', contextCustomizers = set[org.springframework.boot.test.autoconfigure.actuate.metrics.MetricsExportContextCustomizerFactory$DisableMetricExportContextCustomizer@6da00fb9, org.springframework.boot.test.autoconfigure.properties.PropertyMappingContextCustomizer@0, org.springframework.boot.test.autoconfigure.web.servlet.WebDriverContextCustomizerFactory$Customizer@6aecbb8d, org.springframework.boot.test.context.filter.ExcludeFilterContextCustomizer@72758afa, org.springframework.boot.test.json.DuplicateJsonObjectContextCustomizerFactory$DuplicateJsonObjectContextCustomizer@607fbe09, org.springframework.boot.test.mock.mockito.MockitoContextCustomizer@eda975c0], contextLoader = 'org.springframework.test.context.support.DelegatingSmartContextLoader', parent = [null]], attributes = map['org.springframework.test.context.event.ApplicationEventsTestExecutionListener.recordApplicationEvents' -> false]], class annotated with @DirtiesContext [false] with mode [null], method annotated with @DirtiesContext [false] with mode [null].
07:49:04.573 [Test worker] DEBUG org.springframework.test.context.cache.DefaultCacheAwareContextLoaderDelegate - Retrieved ApplicationContext [1118430673] from cache with key [[MergedContextConfiguration@242aa8d9 testClass = ArticleServiceTest, locations = '{}', classes = '{class alcuk.article.service.DefaultArticleService}', contextInitializerClasses = '[]', activeProfiles = '{}', propertySourceLocations = '{}', propertySourceProperties = '{}', contextCustomizers = set[org.springframework.boot.test.autoconfigure.actuate.metrics.MetricsExportContextCustomizerFactory$DisableMetricExportContextCustomizer@6da00fb9, org.springframework.boot.test.autoconfigure.properties.PropertyMappingContextCustomizer@0, org.springframework.boot.test.autoconfigure.web.servlet.WebDriverContextCustomizerFactory$Customizer@6aecbb8d, org.springframework.boot.test.context.filter.ExcludeFilterContextCustomizer@72758afa, org.springframework.boot.test.json.DuplicateJsonObjectContextCustomizerFactory$DuplicateJsonObjectContextCustomizer@607fbe09, org.springframework.boot.test.mock.mockito.MockitoContextCustomizer@eda975c0], contextLoader = 'org.springframework.test.context.support.DelegatingSmartContextLoader', parent = [null]]]
07:49:04.573 [Test worker] DEBUG org.springframework.test.context.cache - Spring test ApplicationContext cache statistics: [DefaultContextCache@41522537 size = 1, maxSize = 32, parentContextCount = 0, hitCount = 24, missCount = 1]
07:49:04.574 [Test worker] DEBUG org.springframework.test.context.support.AbstractDirtiesContextTestExecutionListener - After test class: context [DefaultTestContext@7be58f16 testClass = ArticleServiceTest, testInstance = [null], testMethod = [null], testException = [null], mergedContextConfiguration = [MergedContextConfiguration@242aa8d9 testClass = ArticleServiceTest, locations = '{}', classes = '{class alcuk.article.service.DefaultArticleService}', contextInitializerClasses = '[]', activeProfiles = '{}', propertySourceLocations = '{}', propertySourceProperties = '{}', contextCustomizers = set[org.springframework.boot.test.autoconfigure.actuate.metrics.MetricsExportContextCustomizerFactory$DisableMetricExportContextCustomizer@6da00fb9, org.springframework.boot.test.autoconfigure.properties.PropertyMappingContextCustomizer@0, org.springframework.boot.test.autoconfigure.web.servlet.WebDriverContextCustomizerFactory$Customizer@6aecbb8d, org.springframework.boot.test.context.filter.ExcludeFilterContextCustomizer@72758afa, org.springframework.boot.test.json.DuplicateJsonObjectContextCustomizerFactory$DuplicateJsonObjectContextCustomizer@607fbe09, org.springframework.boot.test.mock.mockito.MockitoContextCustomizer@eda975c0], contextLoader = 'org.springframework.test.context.support.DelegatingSmartContextLoader', parent = [null]], attributes = map['org.springframework.test.context.event.ApplicationEventsTestExecutionListener.recordApplicationEvents' -> false]], class annotated with @DirtiesContext [false] with mode [null].
]]></system-out>
  <system-err><![CDATA[]]></system-err>
</testsuite>
